<?xml version="1.0" encoding="UTF-8"?>
<coverage generated="1549830240277" clover="3.2.0">
  <project timestamp="1549830240277" name="All files">
    <metrics statements="200" coveredstatements="142" conditionals="53" coveredconditionals="38" methods="89" coveredmethods="49" elements="342" coveredelements="229" complexity="0" loc="200" ncloc="200" packages="10" files="22" classes="22">
      <package name="src">
        <metrics statements="12" coveredstatements="4" conditionals="2" coveredconditionals="1" methods="5" coveredmethods="3"/>
        <file name="App.js" path="/Users/karim/Documents/GitHub/react-calendar/src/App.js">
          <metrics statements="6" coveredstatements="4" conditionals="2" coveredconditionals="1" methods="5" coveredmethods="3"/>
          <line num="15" count="1" type="stmt"/>
          <line num="18" count="2" type="stmt"/>
          <line num="46" count="3" type="cond" truecount="1" falsecount="1"/>
          <line num="52" count="0" type="stmt"/>
          <line num="67" count="2" type="stmt"/>
          <line num="77" count="0" type="stmt"/>
        </file>
        <file name="index.js" path="/Users/karim/Documents/GitHub/react-calendar/src/index.js">
          <metrics statements="6" coveredstatements="0" conditionals="0" coveredconditionals="0" methods="0" coveredmethods="0"/>
          <line num="1" count="0" type="stmt"/>
          <line num="2" count="0" type="stmt"/>
          <line num="3" count="0" type="stmt"/>
          <line num="4" count="0" type="stmt"/>
          <line num="5" count="0" type="stmt"/>
          <line num="12" count="0" type="stmt"/>
        </file>
      </package>
      <package name="src.components.Calendar">
        <metrics statements="43" coveredstatements="25" conditionals="4" coveredconditionals="0" methods="26" coveredmethods="11"/>
        <file name="store.js" path="/Users/karim/Documents/GitHub/react-calendar/src/components/Calendar/store.js">
          <metrics statements="43" coveredstatements="25" conditionals="4" coveredconditionals="0" methods="26" coveredmethods="11"/>
          <line num="1" count="1" type="stmt"/>
          <line num="12" count="1" type="stmt"/>
          <line num="13" count="0" type="stmt"/>
          <line num="17" count="0" type="stmt"/>
          <line num="19" count="1" type="stmt"/>
          <line num="20" count="0" type="stmt"/>
          <line num="25" count="1" type="stmt"/>
          <line num="26" count="0" type="stmt"/>
          <line num="31" count="1" type="stmt"/>
          <line num="32" count="0" type="stmt"/>
          <line num="38" count="1" type="stmt"/>
          <line num="39" count="2" type="stmt"/>
          <line num="44" count="1" type="stmt"/>
          <line num="45" count="0" type="stmt"/>
          <line num="49" count="1" type="stmt"/>
          <line num="50" count="2" type="stmt"/>
          <line num="54" count="1" type="stmt"/>
          <line num="55" count="2" type="stmt"/>
          <line num="60" count="1" type="stmt"/>
          <line num="61" count="0" type="stmt"/>
          <line num="66" count="1" type="stmt"/>
          <line num="76" count="2" type="stmt"/>
          <line num="77" count="2" type="stmt"/>
          <line num="78" count="2" type="stmt"/>
          <line num="79" count="2" type="stmt"/>
          <line num="80" count="2" type="stmt"/>
          <line num="84" count="2" type="stmt"/>
          <line num="86" count="2" type="stmt"/>
          <line num="92" count="0" type="stmt"/>
          <line num="96" count="1" type="stmt"/>
          <line num="100" count="0" type="stmt"/>
          <line num="106" count="0" type="stmt"/>
          <line num="112" count="0" type="stmt"/>
          <line num="119" count="0" type="cond" truecount="0" falsecount="2"/>
          <line num="120" count="0" type="stmt"/>
          <line num="125" count="0" type="stmt"/>
          <line num="126" count="0" type="stmt"/>
          <line num="133" count="2" type="stmt"/>
          <line num="139" count="0" type="stmt"/>
          <line num="149" count="0" type="stmt"/>
          <line num="155" count="2" type="stmt"/>
          <line num="162" count="2" type="stmt"/>
          <line num="169" count="0" type="stmt"/>
        </file>
      </package>
      <package name="src.components.Calendar.container">
        <metrics statements="20" coveredstatements="19" conditionals="0" coveredconditionals="0" methods="5" coveredmethods="4"/>
        <file name="Day.Calendar.Container.js" path="/Users/karim/Documents/GitHub/react-calendar/src/components/Calendar/container/Day.Calendar.Container.js">
          <metrics statements="4" coveredstatements="4" conditionals="0" coveredconditionals="0" methods="1" coveredmethods="1"/>
          <line num="7" count="1" type="stmt"/>
          <line num="8" count="6" type="stmt"/>
          <line num="16" count="1" type="stmt"/>
          <line num="20" count="1" type="stmt"/>
        </file>
        <file name="DayWeekHeader.Container.js" path="/Users/karim/Documents/GitHub/react-calendar/src/components/Calendar/container/DayWeekHeader.Container.js">
          <metrics statements="4" coveredstatements="4" conditionals="0" coveredconditionals="0" methods="1" coveredmethods="1"/>
          <line num="6" count="1" type="stmt"/>
          <line num="7" count="7" type="stmt"/>
          <line num="13" count="1" type="stmt"/>
          <line num="17" count="1" type="stmt"/>
        </file>
        <file name="Month.Calendar.Container.js" path="/Users/karim/Documents/GitHub/react-calendar/src/components/Calendar/container/Month.Calendar.Container.js">
          <metrics statements="4" coveredstatements="4" conditionals="0" coveredconditionals="0" methods="1" coveredmethods="1"/>
          <line num="6" count="1" type="stmt"/>
          <line num="7" count="7" type="stmt"/>
          <line num="12" count="1" type="stmt"/>
          <line num="17" count="1" type="stmt"/>
        </file>
        <file name="MyCalendar.Container.js" path="/Users/karim/Documents/GitHub/react-calendar/src/components/Calendar/container/MyCalendar.Container.js">
          <metrics statements="4" coveredstatements="4" conditionals="0" coveredconditionals="0" methods="1" coveredmethods="1"/>
          <line num="6" count="1" type="stmt"/>
          <line num="7" count="7" type="stmt"/>
          <line num="16" count="1" type="stmt"/>
          <line num="20" count="1" type="stmt"/>
        </file>
        <file name="Week.Calendar.Container.js" path="/Users/karim/Documents/GitHub/react-calendar/src/components/Calendar/container/Week.Calendar.Container.js">
          <metrics statements="4" coveredstatements="3" conditionals="0" coveredconditionals="0" methods="1" coveredmethods="0"/>
          <line num="5" count="1" type="stmt"/>
          <line num="6" count="0" type="stmt"/>
          <line num="12" count="1" type="stmt"/>
          <line num="15" count="1" type="stmt"/>
        </file>
      </package>
      <package name="src.components.Calendar.presentation">
        <metrics statements="83" coveredstatements="61" conditionals="36" coveredconditionals="28" methods="34" coveredmethods="20"/>
        <file name="Day.Calendar.Presentation.js" path="/Users/karim/Documents/GitHub/react-calendar/src/components/Calendar/presentation/Day.Calendar.Presentation.js">
          <metrics statements="23" coveredstatements="22" conditionals="17" coveredconditionals="16" methods="10" coveredmethods="9"/>
          <line num="4" count="1" type="stmt"/>
          <line num="5" count="6" type="stmt"/>
          <line num="10" count="6" type="stmt"/>
          <line num="11" count="6" type="stmt"/>
          <line num="16" count="6" type="stmt"/>
          <line num="21" count="12" type="cond" truecount="2" falsecount="0"/>
          <line num="23" count="0" type="stmt"/>
          <line num="38" count="2" type="stmt"/>
          <line num="41" count="5" type="stmt"/>
          <line num="42" count="5" type="stmt"/>
          <line num="43" count="3" type="stmt"/>
          <line num="44" count="3" type="cond" truecount="1" falsecount="1"/>
          <line num="45" count="3" type="stmt"/>
          <line num="49" count="5" type="stmt"/>
          <line num="50" count="3" type="stmt"/>
          <line num="51" count="3" type="stmt"/>
          <line num="56" count="3" type="stmt"/>
          <line num="70" count="3" type="stmt"/>
          <line num="73" count="72" type="cond" truecount="2" falsecount="0"/>
          <line num="74" count="72" type="stmt"/>
          <line num="83" count="144" type="stmt"/>
          <line num="86" count="18" type="stmt"/>
          <line num="114" count="5" type="stmt"/>
        </file>
        <file name="DayWeekHeader.Presentation.js" path="/Users/karim/Documents/GitHub/react-calendar/src/components/Calendar/presentation/DayWeekHeader.Presentation.js">
          <metrics statements="8" coveredstatements="5" conditionals="6" coveredconditionals="3" methods="4" coveredmethods="2"/>
          <line num="5" count="1" type="stmt"/>
          <line num="10" count="3" type="stmt"/>
          <line num="11" count="3" type="cond" truecount="1" falsecount="1"/>
          <line num="12" count="3" type="stmt"/>
          <line num="14" count="0" type="stmt"/>
          <line num="19" count="3" type="stmt"/>
          <line num="26" count="0" type="stmt"/>
          <line num="32" count="0" type="stmt"/>
        </file>
        <file name="Month.Calendar.Presentation.js" path="/Users/karim/Documents/GitHub/react-calendar/src/components/Calendar/presentation/Month.Calendar.Presentation.js">
          <metrics statements="31" coveredstatements="27" conditionals="4" coveredconditionals="4" methods="10" coveredmethods="6"/>
          <line num="5" count="3" type="stmt"/>
          <line num="7" count="3" type="stmt"/>
          <line num="31" count="3" type="stmt"/>
          <line num="32" count="3" type="stmt"/>
          <line num="34" count="3" type="stmt"/>
          <line num="36" count="3" type="stmt"/>
          <line num="39" count="21" type="stmt"/>
          <line num="52" count="3" type="stmt"/>
          <line num="53" count="3" type="stmt"/>
          <line num="54" count="3" type="stmt"/>
          <line num="55" count="3" type="stmt"/>
          <line num="57" count="3" type="stmt"/>
          <line num="58" count="3" type="stmt"/>
          <line num="61" count="3" type="stmt"/>
          <line num="62" count="3" type="stmt"/>
          <line num="63" count="3" type="stmt"/>
          <line num="65" count="3" type="stmt"/>
          <line num="66" count="15" type="stmt"/>
          <line num="69" count="105" type="stmt"/>
          <line num="70" count="105" type="stmt"/>
          <line num="71" count="105" type="stmt"/>
          <line num="72" count="105" type="stmt"/>
          <line num="82" count="0" type="stmt"/>
          <line num="92" count="15" type="stmt"/>
          <line num="93" count="15" type="stmt"/>
          <line num="95" count="3" type="stmt"/>
          <line num="99" count="0" type="stmt"/>
          <line num="103" count="0" type="stmt"/>
          <line num="107" count="0" type="stmt"/>
          <line num="111" count="3" type="stmt"/>
          <line num="112" count="3" type="stmt"/>
        </file>
        <file name="MyCalendar.Presentation.js" path="/Users/karim/Documents/GitHub/react-calendar/src/components/Calendar/presentation/MyCalendar.Presentation.js">
          <metrics statements="5" coveredstatements="5" conditionals="5" coveredconditionals="5" methods="3" coveredmethods="3"/>
          <line num="5" count="2" type="stmt"/>
          <line num="8" count="6" type="stmt"/>
          <line num="9" count="6" type="stmt"/>
          <line num="10" count="6" type="stmt"/>
          <line num="23" count="9" type="stmt"/>
        </file>
        <file name="Week.Calendar.Presentation.js" path="/Users/karim/Documents/GitHub/react-calendar/src/components/Calendar/presentation/Week.Calendar.Presentation.js">
          <metrics statements="16" coveredstatements="2" conditionals="4" coveredconditionals="0" methods="7" coveredmethods="0"/>
          <line num="4" count="1" type="stmt"/>
          <line num="5" count="0" type="stmt"/>
          <line num="6" count="0" type="stmt"/>
          <line num="7" count="0" type="stmt"/>
          <line num="9" count="0" type="stmt"/>
          <line num="12" count="0" type="stmt"/>
          <line num="25" count="1" type="stmt"/>
          <line num="26" count="0" type="stmt"/>
          <line num="27" count="0" type="stmt"/>
          <line num="28" count="0" type="stmt"/>
          <line num="31" count="0" type="cond" truecount="0" falsecount="2"/>
          <line num="32" count="0" type="stmt"/>
          <line num="37" count="0" type="stmt"/>
          <line num="48" count="0" type="stmt"/>
          <line num="51" count="0" type="stmt"/>
          <line num="52" count="0" type="stmt"/>
        </file>
      </package>
      <package name="src.components.Shared">
        <metrics statements="2" coveredstatements="2" conditionals="0" coveredconditionals="0" methods="1" coveredmethods="1"/>
        <file name="Loader.Presentation.js" path="/Users/karim/Documents/GitHub/react-calendar/src/components/Shared/Loader.Presentation.js">
          <metrics statements="2" coveredstatements="2" conditionals="0" coveredconditionals="0" methods="1" coveredmethods="1"/>
          <line num="2" count="1" type="stmt"/>
          <line num="3" count="4" type="stmt"/>
        </file>
      </package>
      <package name="src.components.Shared.errorBoundary">
        <metrics statements="11" coveredstatements="8" conditionals="2" coveredconditionals="1" methods="5" coveredmethods="3"/>
        <file name="ErrorBoundary.Container.js" path="/Users/karim/Documents/GitHub/react-calendar/src/components/Shared/errorBoundary/ErrorBoundary.Container.js">
          <metrics statements="4" coveredstatements="4" conditionals="0" coveredconditionals="0" methods="1" coveredmethods="1"/>
          <line num="6" count="1" type="stmt"/>
          <line num="7" count="20" type="stmt"/>
          <line num="12" count="1" type="stmt"/>
          <line num="15" count="1" type="stmt"/>
        </file>
        <file name="ErrorBoundary.Presentation.js" path="/Users/karim/Documents/GitHub/react-calendar/src/components/Shared/errorBoundary/ErrorBoundary.Presentation.js">
          <metrics statements="7" coveredstatements="4" conditionals="2" coveredconditionals="1" methods="4" coveredmethods="2"/>
          <line num="4" count="6" type="stmt"/>
          <line num="5" count="6" type="stmt"/>
          <line num="10" count="0" type="stmt"/>
          <line num="18" count="0" type="stmt"/>
          <line num="22" count="8" type="cond" truecount="1" falsecount="1"/>
          <line num="24" count="0" type="stmt"/>
          <line num="35" count="8" type="stmt"/>
        </file>
      </package>
      <package name="src.components.Shared.errorBoundary.store">
        <metrics statements="6" coveredstatements="4" conditionals="0" coveredconditionals="0" methods="2" coveredmethods="0"/>
        <file name="error.store.js" path="/Users/karim/Documents/GitHub/react-calendar/src/components/Shared/errorBoundary/store/error.store.js">
          <metrics statements="6" coveredstatements="4" conditionals="0" coveredconditionals="0" methods="2" coveredmethods="0"/>
          <line num="1" count="1" type="stmt"/>
          <line num="4" count="1" type="stmt"/>
          <line num="5" count="0" type="stmt"/>
          <line num="10" count="1" type="stmt"/>
          <line num="16" count="1" type="stmt"/>
          <line num="20" count="0" type="stmt"/>
        </file>
      </package>
      <package name="src.components.Shared.modal">
        <metrics statements="9" coveredstatements="7" conditionals="2" coveredconditionals="1" methods="5" coveredmethods="3"/>
        <file name="modal.container.js" path="/Users/karim/Documents/GitHub/react-calendar/src/components/Shared/modal/modal.container.js">
          <metrics statements="5" coveredstatements="4" conditionals="0" coveredconditionals="0" methods="3" coveredmethods="2"/>
          <line num="6" count="1" type="stmt"/>
          <line num="7" count="7" type="stmt"/>
          <line num="14" count="2" type="stmt"/>
          <line num="15" count="0" type="stmt"/>
          <line num="18" count="1" type="stmt"/>
        </file>
        <file name="modal.presentation.js" path="/Users/karim/Documents/GitHub/react-calendar/src/components/Shared/modal/modal.presentation.js">
          <metrics statements="4" coveredstatements="3" conditionals="2" coveredconditionals="1" methods="2" coveredmethods="1"/>
          <line num="4" count="1" type="stmt"/>
          <line num="10" count="3" type="stmt"/>
          <line num="11" count="3" type="cond" truecount="1" falsecount="1"/>
          <line num="24" count="0" type="stmt"/>
        </file>
      </package>
      <package name="src.components.Shared.modal.store">
        <metrics statements="6" coveredstatements="4" conditionals="0" coveredconditionals="0" methods="2" coveredmethods="0"/>
        <file name="modal.store.js" path="/Users/karim/Documents/GitHub/react-calendar/src/components/Shared/modal/store/modal.store.js">
          <metrics statements="6" coveredstatements="4" conditionals="0" coveredconditionals="0" methods="2" coveredmethods="0"/>
          <line num="1" count="1" type="stmt"/>
          <line num="4" count="1" type="stmt"/>
          <line num="5" count="0" type="stmt"/>
          <line num="12" count="1" type="stmt"/>
          <line num="21" count="1" type="stmt"/>
          <line num="25" count="0" type="stmt"/>
        </file>
      </package>
      <package name="src.redux">
        <metrics statements="8" coveredstatements="8" conditionals="7" coveredconditionals="7" methods="4" coveredmethods="4"/>
        <file name="reducers.js" path="/Users/karim/Documents/GitHub/react-calendar/src/redux/reducers.js">
          <metrics statements="5" coveredstatements="5" conditionals="3" coveredconditionals="3" methods="3" coveredmethods="3"/>
          <line num="6" count="2" type="cond" truecount="1" falsecount="0"/>
          <line num="7" count="18" type="cond" truecount="2" falsecount="0"/>
          <line num="8" count="6" type="stmt"/>
          <line num="10" count="12" type="stmt"/>
          <line num="14" count="1" type="stmt"/>
        </file>
        <file name="store.js" path="/Users/karim/Documents/GitHub/react-calendar/src/redux/store.js">
          <metrics statements="3" coveredstatements="3" conditionals="4" coveredconditionals="4" methods="1" coveredmethods="1"/>
          <line num="5" count="1" type="cond" truecount="3" falsecount="0"/>
          <line num="8" count="1" type="cond" truecount="1" falsecount="0"/>
          <line num="9" count="1" type="stmt"/>
        </file>
      </package>
    </metrics>
  </project>
</coverage>
