{"/Users/karim/Documents/GitHub/react-calendar/src/App.js": {"path":"/Users/karim/Documents/GitHub/react-calendar/src/App.js","statementMap":{"0":{"start":{"line":15,"column":14},"end":{"line":15,"column":30}},"1":{"start":{"line":18,"column":4},"end":{"line":95,"column":6}},"2":{"start":{"line":46,"column":20},"end":{"line":86,"column":23}},"3":{"start":{"line":52,"column":28},"end":{"line":56,"column":30}},"4":{"start":{"line":67,"column":30},"end":{"line":71,"column":32}},"5":{"start":{"line":77,"column":30},"end":{"line":81,"column":32}}},"fnMap":{"0":{"name":"(anonymous_0)","decl":{"start":{"line":17,"column":2},"end":{"line":17,"column":3}},"loc":{"start":{"line":17,"column":11},"end":{"line":96,"column":3}},"line":17},"1":{"name":"(anonymous_1)","decl":{"start":{"line":45,"column":19},"end":{"line":45,"column":20}},"loc":{"start":{"line":46,"column":20},"end":{"line":86,"column":23}},"line":46},"2":{"name":"(anonymous_2)","decl":{"start":{"line":51,"column":34},"end":{"line":51,"column":35}},"loc":{"start":{"line":51,"column":40},"end":{"line":57,"column":27}},"line":51},"3":{"name":"(anonymous_3)","decl":{"start":{"line":66,"column":36},"end":{"line":66,"column":37}},"loc":{"start":{"line":66,"column":42},"end":{"line":72,"column":29}},"line":66},"4":{"name":"(anonymous_4)","decl":{"start":{"line":76,"column":36},"end":{"line":76,"column":37}},"loc":{"start":{"line":76,"column":42},"end":{"line":82,"column":29}},"line":76}},"branchMap":{"0":{"loc":{"start":{"line":46,"column":20},"end":{"line":86,"column":23}},"type":"cond-expr","locations":[{"start":{"line":48,"column":22},"end":{"line":60,"column":31}},{"start":{"line":63,"column":24},"end":{"line":85,"column":33}}],"line":46}},"s":{"0":1,"1":2,"2":3,"3":0,"4":2,"5":0},"f":{"0":2,"1":3,"2":0,"3":2,"4":0},"b":{"0":[0,3]},"_coverageSchema":"332fd63041d2c1bcb487cc26dd0d5f7d97098a6c","hash":"936210295181608fad84fb81c4c1b80572396147"}
,"/Users/karim/Documents/GitHub/react-calendar/src/index.js": {"path":"/Users/karim/Documents/GitHub/react-calendar/src/index.js","statementMap":{"0":{"start":{"line":1,"column":0},"end":{"line":null,"column":-1}},"1":{"start":{"line":2,"column":0},"end":{"line":null,"column":-1}},"2":{"start":{"line":3,"column":0},"end":{"line":null,"column":-1}},"3":{"start":{"line":4,"column":0},"end":{"line":null,"column":-1}},"4":{"start":{"line":5,"column":0},"end":{"line":null,"column":-1}},"5":{"start":{"line":12,"column":0},"end":{"line":null,"column":-1}}},"fnMap":{},"branchMap":{},"s":{"0":0,"1":0,"2":0,"3":0,"4":0,"5":0},"f":{},"b":{}}
,"/Users/karim/Documents/GitHub/react-calendar/src/components/Calendar/store.js": {"path":"/Users/karim/Documents/GitHub/react-calendar/src/components/Calendar/store.js","statementMap":{"0":{"start":{"line":1,"column":25},"end":{"line":11,"column":1}},"1":{"start":{"line":12,"column":27},"end":{"line":18,"column":1}},"2":{"start":{"line":12,"column":57},"end":{"line":18,"column":1}},"3":{"start":{"line":13,"column":2},"end":{"line":16,"column":5}},"4":{"start":{"line":17,"column":2},"end":{"line":17,"column":44}},"5":{"start":{"line":19,"column":25},"end":{"line":24,"column":1}},"6":{"start":{"line":20,"column":2},"end":{"line":23,"column":4}},"7":{"start":{"line":25,"column":25},"end":{"line":30,"column":1}},"8":{"start":{"line":26,"column":2},"end":{"line":29,"column":4}},"9":{"start":{"line":31,"column":26},"end":{"line":37,"column":1}},"10":{"start":{"line":32,"column":2},"end":{"line":36,"column":4}},"11":{"start":{"line":38,"column":33},"end":{"line":43,"column":1}},"12":{"start":{"line":39,"column":2},"end":{"line":42,"column":4}},"13":{"start":{"line":44,"column":38},"end":{"line":48,"column":1}},"14":{"start":{"line":45,"column":2},"end":{"line":47,"column":4}},"15":{"start":{"line":49,"column":33},"end":{"line":53,"column":1}},"16":{"start":{"line":50,"column":2},"end":{"line":52,"column":4}},"17":{"start":{"line":54,"column":28},"end":{"line":59,"column":1}},"18":{"start":{"line":55,"column":2},"end":{"line":58,"column":4}},"19":{"start":{"line":60,"column":29},"end":{"line":65,"column":1}},"20":{"start":{"line":61,"column":2},"end":{"line":64,"column":4}},"21":{"start":{"line":66,"column":21},"end":{"line":75,"column":1}},"22":{"start":{"line":76,"column":35},"end":{"line":95,"column":1}},"23":{"start":{"line":76,"column":59},"end":{"line":95,"column":1}},"24":{"start":{"line":77,"column":2},"end":{"line":77,"column":32}},"25":{"start":{"line":78,"column":19},"end":{"line":82,"column":4}},"26":{"start":{"line":79,"column":4},"end":{"line":81,"column":12}},"27":{"start":{"line":80,"column":6},"end":{"line":80,"column":24}},"28":{"start":{"line":84,"column":2},"end":{"line":93,"column":4}},"29":{"start":{"line":86,"column":4},"end":{"line":90,"column":7}},"30":{"start":{"line":92,"column":4},"end":{"line":92,"column":34}},"31":{"start":{"line":96,"column":17},"end":{"line":176,"column":1}},"32":{"start":{"line":100,"column":6},"end":{"line":103,"column":8}},"33":{"start":{"line":106,"column":6},"end":{"line":109,"column":8}},"34":{"start":{"line":112,"column":6},"end":{"line":115,"column":8}},"35":{"start":{"line":119,"column":6},"end":{"line":125,"column":79}},"36":{"start":{"line":120,"column":8},"end":{"line":123,"column":10}},"37":{"start":{"line":125,"column":8},"end":{"line":125,"column":79}},"38":{"start":{"line":126,"column":6},"end":{"line":130,"column":8}},"39":{"start":{"line":133,"column":6},"end":{"line":136,"column":8}},"40":{"start":{"line":139,"column":6},"end":{"line":146,"column":8}},"41":{"start":{"line":149,"column":6},"end":{"line":152,"column":8}},"42":{"start":{"line":155,"column":6},"end":{"line":159,"column":7}},"43":{"start":{"line":162,"column":6},"end":{"line":166,"column":7}},"44":{"start":{"line":169,"column":6},"end":{"line":173,"column":7}}},"fnMap":{"0":{"name":"(anonymous_0)","decl":{"start":{"line":12,"column":27},"end":{"line":12,"column":28}},"loc":{"start":{"line":12,"column":57},"end":{"line":18,"column":1}},"line":12},"1":{"name":"(anonymous_1)","decl":{"start":{"line":12,"column":57},"end":{"line":12,"column":58}},"loc":{"start":{"line":12,"column":69},"end":{"line":18,"column":1}},"line":12},"2":{"name":"(anonymous_2)","decl":{"start":{"line":19,"column":25},"end":{"line":19,"column":26}},"loc":{"start":{"line":19,"column":36},"end":{"line":24,"column":1}},"line":19},"3":{"name":"(anonymous_3)","decl":{"start":{"line":25,"column":25},"end":{"line":25,"column":26}},"loc":{"start":{"line":25,"column":36},"end":{"line":30,"column":1}},"line":25},"4":{"name":"(anonymous_4)","decl":{"start":{"line":31,"column":26},"end":{"line":31,"column":27}},"loc":{"start":{"line":31,"column":46},"end":{"line":37,"column":1}},"line":31},"5":{"name":"(anonymous_5)","decl":{"start":{"line":38,"column":33},"end":{"line":38,"column":34}},"loc":{"start":{"line":38,"column":45},"end":{"line":43,"column":1}},"line":38},"6":{"name":"(anonymous_6)","decl":{"start":{"line":44,"column":38},"end":{"line":44,"column":39}},"loc":{"start":{"line":44,"column":44},"end":{"line":48,"column":1}},"line":44},"7":{"name":"(anonymous_7)","decl":{"start":{"line":49,"column":33},"end":{"line":49,"column":34}},"loc":{"start":{"line":49,"column":39},"end":{"line":53,"column":1}},"line":49},"8":{"name":"(anonymous_8)","decl":{"start":{"line":54,"column":28},"end":{"line":54,"column":29}},"loc":{"start":{"line":54,"column":41},"end":{"line":59,"column":1}},"line":54},"9":{"name":"(anonymous_9)","decl":{"start":{"line":60,"column":29},"end":{"line":60,"column":30}},"loc":{"start":{"line":60,"column":40},"end":{"line":65,"column":1}},"line":60},"10":{"name":"(anonymous_10)","decl":{"start":{"line":76,"column":35},"end":{"line":76,"column":36}},"loc":{"start":{"line":76,"column":59},"end":{"line":95,"column":1}},"line":76},"11":{"name":"(anonymous_11)","decl":{"start":{"line":76,"column":59},"end":{"line":76,"column":60}},"loc":{"start":{"line":76,"column":71},"end":{"line":95,"column":1}},"line":76},"12":{"name":"(anonymous_12)","decl":{"start":{"line":78,"column":31},"end":{"line":78,"column":32}},"loc":{"start":{"line":78,"column":52},"end":{"line":82,"column":3}},"line":78},"13":{"name":"(anonymous_13)","decl":{"start":{"line":79,"column":15},"end":{"line":79,"column":16}},"loc":{"start":{"line":79,"column":21},"end":{"line":81,"column":5}},"line":79},"14":{"name":"(anonymous_14)","decl":{"start":{"line":84,"column":25},"end":{"line":84,"column":26}},"loc":{"start":{"line":84,"column":31},"end":{"line":91,"column":3}},"line":84},"15":{"name":"(anonymous_15)","decl":{"start":{"line":91,"column":11},"end":{"line":91,"column":12}},"loc":{"start":{"line":91,"column":22},"end":{"line":93,"column":3}},"line":91},"16":{"name":"(anonymous_16)","decl":{"start":{"line":99,"column":36},"end":{"line":99,"column":37}},"loc":{"start":{"line":99,"column":55},"end":{"line":104,"column":5}},"line":99},"17":{"name":"(anonymous_17)","decl":{"start":{"line":105,"column":35},"end":{"line":105,"column":36}},"loc":{"start":{"line":105,"column":54},"end":{"line":110,"column":5}},"line":105},"18":{"name":"(anonymous_18)","decl":{"start":{"line":111,"column":35},"end":{"line":111,"column":36}},"loc":{"start":{"line":111,"column":54},"end":{"line":116,"column":5}},"line":111},"19":{"name":"(anonymous_19)","decl":{"start":{"line":117,"column":36},"end":{"line":117,"column":37}},"loc":{"start":{"line":117,"column":55},"end":{"line":131,"column":5}},"line":117},"20":{"name":"(anonymous_20)","decl":{"start":{"line":132,"column":44},"end":{"line":132,"column":45}},"loc":{"start":{"line":132,"column":63},"end":{"line":137,"column":5}},"line":132},"21":{"name":"(anonymous_21)","decl":{"start":{"line":138,"column":47},"end":{"line":138,"column":48}},"loc":{"start":{"line":138,"column":66},"end":{"line":147,"column":5}},"line":138},"22":{"name":"(anonymous_22)","decl":{"start":{"line":148,"column":28},"end":{"line":148,"column":29}},"loc":{"start":{"line":148,"column":47},"end":{"line":153,"column":5}},"line":148},"23":{"name":"(anonymous_23)","decl":{"start":{"line":154,"column":40},"end":{"line":154,"column":41}},"loc":{"start":{"line":154,"column":59},"end":{"line":160,"column":5}},"line":154},"24":{"name":"(anonymous_24)","decl":{"start":{"line":161,"column":38},"end":{"line":161,"column":39}},"loc":{"start":{"line":161,"column":57},"end":{"line":167,"column":5}},"line":161},"25":{"name":"(anonymous_25)","decl":{"start":{"line":168,"column":39},"end":{"line":168,"column":40}},"loc":{"start":{"line":168,"column":58},"end":{"line":174,"column":5}},"line":168}},"branchMap":{"0":{"loc":{"start":{"line":119,"column":6},"end":{"line":125,"column":79}},"type":"if","locations":[{"start":{"line":119,"column":6},"end":{"line":125,"column":79}},{"start":{"line":119,"column":6},"end":{"line":125,"column":79}}],"line":119},"1":{"loc":{"start":{"line":122,"column":10},"end":{"line":122,"column":48}},"type":"cond-expr","locations":[{"start":{"line":122,"column":42},"end":{"line":122,"column":43}},{"start":{"line":122,"column":46},"end":{"line":122,"column":48}}],"line":122}},"s":{"0":1,"1":1,"2":0,"3":0,"4":0,"5":1,"6":0,"7":1,"8":0,"9":1,"10":0,"11":1,"12":2,"13":1,"14":0,"15":1,"16":2,"17":1,"18":2,"19":1,"20":0,"21":1,"22":1,"23":2,"24":2,"25":2,"26":2,"27":2,"28":2,"29":2,"30":0,"31":1,"32":0,"33":0,"34":0,"35":0,"36":0,"37":0,"38":0,"39":2,"40":0,"41":0,"42":2,"43":2,"44":0},"f":{"0":0,"1":0,"2":0,"3":0,"4":0,"5":2,"6":0,"7":2,"8":2,"9":0,"10":2,"11":2,"12":2,"13":2,"14":2,"15":0,"16":0,"17":0,"18":0,"19":0,"20":2,"21":0,"22":0,"23":2,"24":2,"25":0},"b":{"0":[0,0],"1":[0,0]},"_coverageSchema":"332fd63041d2c1bcb487cc26dd0d5f7d97098a6c","hash":"09a95b18725c912aaebe76d76d6b1a3434f7d82d"}
,"/Users/karim/Documents/GitHub/react-calendar/src/components/Calendar/container/Day.Calendar.Container.js": {"path":"/Users/karim/Documents/GitHub/react-calendar/src/components/Calendar/container/Day.Calendar.Container.js","statementMap":{"0":{"start":{"line":7,"column":35},"end":{"line":14,"column":1}},"1":{"start":{"line":8,"column":2},"end":{"line":13,"column":4}},"2":{"start":{"line":16,"column":23},"end":{"line":19,"column":1}},"3":{"start":{"line":20,"column":29},"end":{"line":23,"column":26}}},"fnMap":{"0":{"name":"(anonymous_0)","decl":{"start":{"line":7,"column":35},"end":{"line":7,"column":36}},"loc":{"start":{"line":7,"column":44},"end":{"line":14,"column":1}},"line":7}},"branchMap":{},"s":{"0":1,"1":6,"2":1,"3":1},"f":{"0":6},"b":{},"_coverageSchema":"332fd63041d2c1bcb487cc26dd0d5f7d97098a6c","hash":"423e7972a118686d3530348a73a35cbe8701cc79"}
,"/Users/karim/Documents/GitHub/react-calendar/src/components/Calendar/container/DayWeekHeader.Container.js": {"path":"/Users/karim/Documents/GitHub/react-calendar/src/components/Calendar/container/DayWeekHeader.Container.js","statementMap":{"0":{"start":{"line":6,"column":40},"end":{"line":11,"column":1}},"1":{"start":{"line":7,"column":4},"end":{"line":10,"column":6}},"2":{"start":{"line":13,"column":24},"end":{"line":15,"column":1}},"3":{"start":{"line":17,"column":31},"end":{"line":20,"column":26}}},"fnMap":{"0":{"name":"(anonymous_0)","decl":{"start":{"line":6,"column":40},"end":{"line":6,"column":41}},"loc":{"start":{"line":6,"column":49},"end":{"line":11,"column":1}},"line":6}},"branchMap":{},"s":{"0":1,"1":7,"2":1,"3":1},"f":{"0":7},"b":{},"_coverageSchema":"332fd63041d2c1bcb487cc26dd0d5f7d97098a6c","hash":"89a5408cfbcb447df954d9afc87e2f99845f24ba"}
,"/Users/karim/Documents/GitHub/react-calendar/src/components/Calendar/container/Month.Calendar.Container.js": {"path":"/Users/karim/Documents/GitHub/react-calendar/src/components/Calendar/container/Month.Calendar.Container.js","statementMap":{"0":{"start":{"line":6,"column":24},"end":{"line":11,"column":1}},"1":{"start":{"line":7,"column":2},"end":{"line":10,"column":4}},"2":{"start":{"line":12,"column":24},"end":{"line":16,"column":1}},"3":{"start":{"line":17,"column":31},"end":{"line":20,"column":28}}},"fnMap":{"0":{"name":"(anonymous_0)","decl":{"start":{"line":6,"column":24},"end":{"line":6,"column":25}},"loc":{"start":{"line":6,"column":33},"end":{"line":11,"column":1}},"line":6}},"branchMap":{},"s":{"0":1,"1":7,"2":1,"3":1},"f":{"0":7},"b":{},"_coverageSchema":"332fd63041d2c1bcb487cc26dd0d5f7d97098a6c","hash":"4e06fcdfab64b9ed7a38e9991c560eca870ebbbf"}
,"/Users/karim/Documents/GitHub/react-calendar/src/components/Calendar/container/MyCalendar.Container.js": {"path":"/Users/karim/Documents/GitHub/react-calendar/src/components/Calendar/container/MyCalendar.Container.js","statementMap":{"0":{"start":{"line":6,"column":34},"end":{"line":14,"column":1}},"1":{"start":{"line":7,"column":4},"end":{"line":13,"column":6}},"2":{"start":{"line":16,"column":24},"end":{"line":19,"column":1}},"3":{"start":{"line":20,"column":28},"end":{"line":23,"column":25}}},"fnMap":{"0":{"name":"(anonymous_0)","decl":{"start":{"line":6,"column":34},"end":{"line":6,"column":35}},"loc":{"start":{"line":6,"column":45},"end":{"line":14,"column":1}},"line":6}},"branchMap":{},"s":{"0":1,"1":7,"2":1,"3":1},"f":{"0":7},"b":{},"_coverageSchema":"332fd63041d2c1bcb487cc26dd0d5f7d97098a6c","hash":"ebc065bff55cf9f916e782b97b884abcf92cf9eb"}
,"/Users/karim/Documents/GitHub/react-calendar/src/components/Calendar/container/Week.Calendar.Container.js": {"path":"/Users/karim/Documents/GitHub/react-calendar/src/components/Calendar/container/Week.Calendar.Container.js","statementMap":{"0":{"start":{"line":5,"column":36},"end":{"line":10,"column":1}},"1":{"start":{"line":6,"column":2},"end":{"line":9,"column":4}},"2":{"start":{"line":12,"column":23},"end":{"line":14,"column":1}},"3":{"start":{"line":15,"column":30},"end":{"line":18,"column":27}}},"fnMap":{"0":{"name":"(anonymous_0)","decl":{"start":{"line":5,"column":36},"end":{"line":5,"column":37}},"loc":{"start":{"line":5,"column":45},"end":{"line":10,"column":1}},"line":5}},"branchMap":{},"s":{"0":1,"1":0,"2":1,"3":1},"f":{"0":0},"b":{},"_coverageSchema":"332fd63041d2c1bcb487cc26dd0d5f7d97098a6c","hash":"aef3c8515074b2f65ee807f6ea4b1996b1273efa"}
,"/Users/karim/Documents/GitHub/react-calendar/src/components/Calendar/presentation/Day.Calendar.Presentation.js": {"path":"/Users/karim/Documents/GitHub/react-calendar/src/components/Calendar/presentation/Day.Calendar.Presentation.js","statementMap":{"0":{"start":{"line":4,"column":24},"end":{"line":34,"column":1}},"1":{"start":{"line":5,"column":24},"end":{"line":9,"column":3}},"2":{"start":{"line":10,"column":15},"end":{"line":10,"column":17}},"3":{"start":{"line":11,"column":21},"end":{"line":15,"column":3}},"4":{"start":{"line":16,"column":2},"end":{"line":33,"column":4}},"5":{"start":{"line":21,"column":8},"end":{"line":21,"column":48}},"6":{"start":{"line":23,"column":20},"end":{"line":23,"column":56}},"7":{"start":{"line":38,"column":4},"end":{"line":38,"column":40}},"8":{"start":{"line":41,"column":24},"end":{"line":41,"column":34}},"9":{"start":{"line":42,"column":31},"end":{"line":48,"column":5}},"10":{"start":{"line":43,"column":21},"end":{"line":43,"column":51}},"11":{"start":{"line":44,"column":26},"end":{"line":44,"column":55}},"12":{"start":{"line":45,"column":6},"end":{"line":47,"column":8}},"13":{"start":{"line":49,"column":20},"end":{"line":113,"column":5}},"14":{"start":{"line":50,"column":20},"end":{"line":50,"column":38}},"15":{"start":{"line":51,"column":27},"end":{"line":55,"column":7}},"16":{"start":{"line":56,"column":25},"end":{"line":69,"column":7}},"17":{"start":{"line":70,"column":6},"end":{"line":112,"column":8}},"18":{"start":{"line":73,"column":23},"end":{"line":73,"column":47}},"19":{"start":{"line":74,"column":12},"end":{"line":109,"column":14}},"20":{"start":{"line":83,"column":20},"end":{"line":105,"column":22}},"21":{"start":{"line":86,"column":24},"end":{"line":103,"column":26}},"22":{"start":{"line":114,"column":4},"end":{"line":119,"column":6}}},"fnMap":{"0":{"name":"(anonymous_0)","decl":{"start":{"line":4,"column":24},"end":{"line":4,"column":25}},"loc":{"start":{"line":4,"column":60},"end":{"line":34,"column":1}},"line":4},"1":{"name":"(anonymous_1)","decl":{"start":{"line":20,"column":11},"end":{"line":20,"column":12}},"loc":{"start":{"line":20,"column":16},"end":{"line":22,"column":7}},"line":20},"2":{"name":"(anonymous_2)","decl":{"start":{"line":23,"column":15},"end":{"line":23,"column":16}},"loc":{"start":{"line":23,"column":20},"end":{"line":23,"column":56}},"line":23},"3":{"name":"(anonymous_3)","decl":{"start":{"line":37,"column":2},"end":{"line":37,"column":3}},"loc":{"start":{"line":37,"column":23},"end":{"line":39,"column":3}},"line":37},"4":{"name":"(anonymous_4)","decl":{"start":{"line":40,"column":2},"end":{"line":40,"column":3}},"loc":{"start":{"line":40,"column":11},"end":{"line":120,"column":3}},"line":40},"5":{"name":"(anonymous_5)","decl":{"start":{"line":42,"column":31},"end":{"line":42,"column":32}},"loc":{"start":{"line":42,"column":37},"end":{"line":48,"column":5}},"line":42},"6":{"name":"(anonymous_6)","decl":{"start":{"line":49,"column":20},"end":{"line":49,"column":21}},"loc":{"start":{"line":49,"column":26},"end":{"line":113,"column":5}},"line":49},"7":{"name":"(anonymous_7)","decl":{"start":{"line":72,"column":21},"end":{"line":72,"column":22}},"loc":{"start":{"line":72,"column":31},"end":{"line":110,"column":11}},"line":72},"8":{"name":"(anonymous_8)","decl":{"start":{"line":82,"column":34},"end":{"line":82,"column":35}},"loc":{"start":{"line":82,"column":39},"end":{"line":106,"column":19}},"line":82},"9":{"name":"(anonymous_9)","decl":{"start":{"line":85,"column":39},"end":{"line":85,"column":40}},"loc":{"start":{"line":85,"column":46},"end":{"line":104,"column":23}},"line":85}},"branchMap":{"0":{"loc":{"start":{"line":21,"column":17},"end":{"line":21,"column":47}},"type":"binary-expr","locations":[{"start":{"line":21,"column":17},"end":{"line":21,"column":18}},{"start":{"line":21,"column":22},"end":{"line":21,"column":47}}],"line":21},"1":{"loc":{"start":{"line":44,"column":26},"end":{"line":44,"column":55}},"type":"cond-expr","locations":[{"start":{"line":44,"column":40},"end":{"line":44,"column":46}},{"start":{"line":44,"column":49},"end":{"line":44,"column":55}}],"line":44},"2":{"loc":{"start":{"line":73,"column":23},"end":{"line":73,"column":47}},"type":"cond-expr","locations":[{"start":{"line":73,"column":32},"end":{"line":73,"column":41}},{"start":{"line":73,"column":44},"end":{"line":73,"column":47}}],"line":73},"3":{"loc":{"start":{"line":79,"column":19},"end":{"line":81,"column":40}},"type":"binary-expr","locations":[{"start":{"line":79,"column":19},"end":{"line":79,"column":73}},{"start":{"line":80,"column":20},"end":{"line":80,"column":57}},{"start":{"line":81,"column":20},"end":{"line":81,"column":40}}],"line":79},"4":{"loc":{"start":{"line":84,"column":22},"end":{"line":104,"column":24}},"type":"binary-expr","locations":[{"start":{"line":84,"column":22},"end":{"line":84,"column":39}},{"start":{"line":85,"column":22},"end":{"line":104,"column":24}}],"line":84},"5":{"loc":{"start":{"line":87,"column":26},"end":{"line":102,"column":27}},"type":"binary-expr","locations":[{"start":{"line":87,"column":26},"end":{"line":87,"column":61}},{"start":{"line":88,"column":28},"end":{"line":101,"column":34}}],"line":87},"6":{"loc":{"start":{"line":116,"column":9},"end":{"line":116,"column":63}},"type":"binary-expr","locations":[{"start":{"line":116,"column":9},"end":{"line":116,"column":18}},{"start":{"line":116,"column":22},"end":{"line":116,"column":63}}],"line":116},"7":{"loc":{"start":{"line":117,"column":9},"end":{"line":117,"column":61}},"type":"binary-expr","locations":[{"start":{"line":117,"column":9},"end":{"line":117,"column":19}},{"start":{"line":117,"column":23},"end":{"line":117,"column":61}}],"line":117}},"s":{"0":1,"1":6,"2":6,"3":6,"4":6,"5":12,"6":0,"7":2,"8":5,"9":5,"10":3,"11":3,"12":3,"13":5,"14":3,"15":3,"16":3,"17":3,"18":72,"19":72,"20":144,"21":18,"22":5},"f":{"0":6,"1":12,"2":0,"3":2,"4":5,"5":3,"6":3,"7":72,"8":144,"9":18},"b":{"0":[12,6],"1":[3,0],"2":[30,42],"3":[72,72,3],"4":[144,6],"5":[18,6],"6":[5,2],"7":[5,3]},"_coverageSchema":"332fd63041d2c1bcb487cc26dd0d5f7d97098a6c","hash":"4bfc94d237dfcd5a611122e9917e0bb8779bd8ff"}
,"/Users/karim/Documents/GitHub/react-calendar/src/components/Calendar/presentation/DayWeekHeader.Presentation.js": {"path":"/Users/karim/Documents/GitHub/react-calendar/src/components/Calendar/presentation/DayWeekHeader.Presentation.js","statementMap":{"0":{"start":{"line":5,"column":34},"end":{"line":64,"column":1}},"1":{"start":{"line":10,"column":31},"end":{"line":18,"column":3}},"2":{"start":{"line":11,"column":4},"end":{"line":13,"column":5}},"3":{"start":{"line":12,"column":6},"end":{"line":12,"column":58}},"4":{"start":{"line":14,"column":4},"end":{"line":17,"column":76}},"5":{"start":{"line":19,"column":2},"end":{"line":63,"column":4}},"6":{"start":{"line":26,"column":31},"end":{"line":26,"column":54}},"7":{"start":{"line":32,"column":31},"end":{"line":32,"column":53}}},"fnMap":{"0":{"name":"(anonymous_0)","decl":{"start":{"line":5,"column":34},"end":{"line":5,"column":35}},"loc":{"start":{"line":9,"column":6},"end":{"line":64,"column":1}},"line":9},"1":{"name":"(anonymous_1)","decl":{"start":{"line":10,"column":31},"end":{"line":10,"column":32}},"loc":{"start":{"line":10,"column":43},"end":{"line":18,"column":3}},"line":10},"2":{"name":"(anonymous_2)","decl":{"start":{"line":26,"column":25},"end":{"line":26,"column":26}},"loc":{"start":{"line":26,"column":31},"end":{"line":26,"column":54}},"line":26},"3":{"name":"(anonymous_3)","decl":{"start":{"line":32,"column":25},"end":{"line":32,"column":26}},"loc":{"start":{"line":32,"column":31},"end":{"line":32,"column":53}},"line":32}},"branchMap":{"0":{"loc":{"start":{"line":11,"column":4},"end":{"line":13,"column":5}},"type":"if","locations":[{"start":{"line":11,"column":4},"end":{"line":13,"column":5}},{"start":{"line":11,"column":4},"end":{"line":13,"column":5}}],"line":11},"1":{"loc":{"start":{"line":44,"column":29},"end":{"line":44,"column":66}},"type":"cond-expr","locations":[{"start":{"line":44,"column":53},"end":{"line":44,"column":61}},{"start":{"line":44,"column":64},"end":{"line":44,"column":66}}],"line":44},"2":{"loc":{"start":{"line":53,"column":29},"end":{"line":53,"column":67}},"type":"cond-expr","locations":[{"start":{"line":53,"column":54},"end":{"line":53,"column":62}},{"start":{"line":53,"column":65},"end":{"line":53,"column":67}}],"line":53}},"s":{"0":1,"1":3,"2":3,"3":3,"4":0,"5":3,"6":0,"7":0},"f":{"0":3,"1":3,"2":0,"3":0},"b":{"0":[3,0],"1":[3,0],"2":[0,3]},"_coverageSchema":"332fd63041d2c1bcb487cc26dd0d5f7d97098a6c","hash":"030be07a1ab6aa2aacefb6adb9abfeb94f9a3968"}
,"/Users/karim/Documents/GitHub/react-calendar/src/components/Calendar/presentation/Month.Calendar.Presentation.js": {"path":"/Users/karim/Documents/GitHub/react-calendar/src/components/Calendar/presentation/Month.Calendar.Presentation.js","statementMap":{"0":{"start":{"line":5,"column":23},"end":{"line":5,"column":34}},"1":{"start":{"line":7,"column":4},"end":{"line":27,"column":6}},"2":{"start":{"line":31,"column":23},"end":{"line":31,"column":29}},"3":{"start":{"line":32,"column":17},"end":{"line":32,"column":34}},"4":{"start":{"line":34,"column":20},"end":{"line":34,"column":53}},"5":{"start":{"line":36,"column":4},"end":{"line":48,"column":6}},"6":{"start":{"line":39,"column":10},"end":{"line":45,"column":12}},"7":{"start":{"line":52,"column":23},"end":{"line":52,"column":57}},"8":{"start":{"line":53,"column":21},"end":{"line":53,"column":51}},"9":{"start":{"line":54,"column":22},"end":{"line":54,"column":53}},"10":{"start":{"line":55,"column":20},"end":{"line":55,"column":47}},"11":{"start":{"line":57,"column":23},"end":{"line":57,"column":26}},"12":{"start":{"line":58,"column":13},"end":{"line":58,"column":15}},"13":{"start":{"line":61,"column":12},"end":{"line":61,"column":21}},"14":{"start":{"line":62,"column":22},"end":{"line":62,"column":24}},"15":{"start":{"line":63,"column":13},"end":{"line":63,"column":30}},"16":{"start":{"line":65,"column":4},"end":{"line":94,"column":5}},"17":{"start":{"line":66,"column":6},"end":{"line":91,"column":8}},"18":{"start":{"line":69,"column":29},"end":{"line":69,"column":52}},"19":{"start":{"line":70,"column":12},"end":{"line":70,"column":67}},"20":{"start":{"line":71,"column":29},"end":{"line":71,"column":39}},"21":{"start":{"line":72,"column":12},"end":{"line":88,"column":14}},"22":{"start":{"line":82,"column":31},"end":{"line":82,"column":80}},"23":{"start":{"line":92,"column":6},"end":{"line":92,"column":31}},"24":{"start":{"line":93,"column":6},"end":{"line":93,"column":36}},"25":{"start":{"line":95,"column":4},"end":{"line":95,"column":46}},"26":{"start":{"line":99,"column":4},"end":{"line":99,"column":38}},"27":{"start":{"line":103,"column":4},"end":{"line":103,"column":34}},"28":{"start":{"line":107,"column":4},"end":{"line":107,"column":34}},"29":{"start":{"line":111,"column":43},"end":{"line":111,"column":53}},"30":{"start":{"line":112,"column":4},"end":{"line":118,"column":6}}},"fnMap":{"0":{"name":"(anonymous_0)","decl":{"start":{"line":4,"column":2},"end":{"line":4,"column":3}},"loc":{"start":{"line":4,"column":33},"end":{"line":28,"column":3}},"line":4},"1":{"name":"(anonymous_1)","decl":{"start":{"line":30,"column":2},"end":{"line":30,"column":3}},"loc":{"start":{"line":30,"column":33},"end":{"line":49,"column":3}},"line":30},"2":{"name":"(anonymous_2)","decl":{"start":{"line":38,"column":18},"end":{"line":38,"column":19}},"loc":{"start":{"line":38,"column":28},"end":{"line":46,"column":9}},"line":38},"3":{"name":"(anonymous_3)","decl":{"start":{"line":51,"column":2},"end":{"line":51,"column":3}},"loc":{"start":{"line":51,"column":44},"end":{"line":96,"column":3}},"line":51},"4":{"name":"(anonymous_4)","decl":{"start":{"line":68,"column":20},"end":{"line":68,"column":21}},"loc":{"start":{"line":68,"column":30},"end":{"line":89,"column":11}},"line":68},"5":{"name":"(anonymous_5)","decl":{"start":{"line":82,"column":25},"end":{"line":82,"column":26}},"loc":{"start":{"line":82,"column":31},"end":{"line":82,"column":80}},"line":82},"6":{"name":"(anonymous_6)","decl":{"start":{"line":98,"column":16},"end":{"line":98,"column":17}},"loc":{"start":{"line":98,"column":31},"end":{"line":100,"column":3}},"line":98},"7":{"name":"(anonymous_7)","decl":{"start":{"line":102,"column":14},"end":{"line":102,"column":15}},"loc":{"start":{"line":102,"column":20},"end":{"line":104,"column":3}},"line":102},"8":{"name":"(anonymous_8)","decl":{"start":{"line":106,"column":14},"end":{"line":106,"column":15}},"loc":{"start":{"line":106,"column":20},"end":{"line":108,"column":3}},"line":106},"9":{"name":"(anonymous_9)","decl":{"start":{"line":110,"column":2},"end":{"line":110,"column":3}},"loc":{"start":{"line":110,"column":11},"end":{"line":119,"column":3}},"line":110}},"branchMap":{"0":{"loc":{"start":{"line":75,"column":18},"end":{"line":79,"column":26}},"type":"cond-expr","locations":[{"start":{"line":76,"column":22},"end":{"line":76,"column":32}},{"start":{"line":77,"column":22},"end":{"line":79,"column":26}}],"line":75},"1":{"loc":{"start":{"line":77,"column":22},"end":{"line":79,"column":26}},"type":"cond-expr","locations":[{"start":{"line":78,"column":24},"end":{"line":78,"column":34}},{"start":{"line":79,"column":24},"end":{"line":79,"column":26}}],"line":77}},"s":{"0":3,"1":3,"2":3,"3":3,"4":3,"5":3,"6":21,"7":3,"8":3,"9":3,"10":3,"11":3,"12":3,"13":3,"14":3,"15":3,"16":3,"17":15,"18":105,"19":105,"20":105,"21":105,"22":0,"23":15,"24":15,"25":3,"26":0,"27":0,"28":0,"29":3,"30":3},"f":{"0":3,"1":3,"2":21,"3":3,"4":105,"5":0,"6":0,"7":0,"8":0,"9":3},"b":{"0":[21,84],"1":[3,81]},"_coverageSchema":"332fd63041d2c1bcb487cc26dd0d5f7d97098a6c","hash":"84cacc2a3b14c7002b2308d996e58fa8fca1e0d6"}
,"/Users/karim/Documents/GitHub/react-calendar/src/components/Calendar/presentation/MyCalendar.Presentation.js": {"path":"/Users/karim/Documents/GitHub/react-calendar/src/components/Calendar/presentation/MyCalendar.Presentation.js","statementMap":{"0":{"start":{"line":5,"column":4},"end":{"line":5,"column":83}},"1":{"start":{"line":8,"column":50},"end":{"line":8,"column":60}},"2":{"start":{"line":9,"column":4},"end":{"line":9,"column":28}},"3":{"start":{"line":10,"column":4},"end":{"line":49,"column":6}},"4":{"start":{"line":23,"column":14},"end":{"line":44,"column":16}}},"fnMap":{"0":{"name":"(anonymous_0)","decl":{"start":{"line":4,"column":2},"end":{"line":4,"column":3}},"loc":{"start":{"line":4,"column":22},"end":{"line":6,"column":3}},"line":4},"1":{"name":"(anonymous_1)","decl":{"start":{"line":7,"column":2},"end":{"line":7,"column":3}},"loc":{"start":{"line":7,"column":11},"end":{"line":50,"column":3}},"line":7},"2":{"name":"(anonymous_2)","decl":{"start":{"line":21,"column":44},"end":{"line":21,"column":45}},"loc":{"start":{"line":21,"column":51},"end":{"line":45,"column":13}},"line":21}},"branchMap":{"0":{"loc":{"start":{"line":19,"column":11},"end":{"line":19,"column":65}},"type":"binary-expr","locations":[{"start":{"line":19,"column":11},"end":{"line":19,"column":20}},{"start":{"line":19,"column":24},"end":{"line":19,"column":65}}],"line":19},"1":{"loc":{"start":{"line":20,"column":11},"end":{"line":46,"column":15}},"type":"binary-expr","locations":[{"start":{"line":20,"column":11},"end":{"line":20,"column":21}},{"start":{"line":20,"column":25},"end":{"line":20,"column":33}},{"start":{"line":20,"column":37},"end":{"line":46,"column":15}}],"line":20}},"s":{"0":2,"1":6,"2":6,"3":6,"4":9},"f":{"0":2,"1":6,"2":9},"b":{"0":[6,2],"1":[6,4,4]},"_coverageSchema":"332fd63041d2c1bcb487cc26dd0d5f7d97098a6c","hash":"97bd18b36fa37b38b2b9ebb1caefc2fd67f1f84d"}
,"/Users/karim/Documents/GitHub/react-calendar/src/components/Calendar/presentation/Week.Calendar.Presentation.js": {"path":"/Users/karim/Documents/GitHub/react-calendar/src/components/Calendar/presentation/Week.Calendar.Presentation.js","statementMap":{"0":{"start":{"line":4,"column":26},"end":{"line":24,"column":1}},"1":{"start":{"line":5,"column":21},"end":{"line":5,"column":29}},"2":{"start":{"line":6,"column":15},"end":{"line":6,"column":32}},"3":{"start":{"line":7,"column":18},"end":{"line":7,"column":51}},"4":{"start":{"line":9,"column":2},"end":{"line":23,"column":4}},"5":{"start":{"line":12,"column":8},"end":{"line":20,"column":10}},"6":{"start":{"line":25,"column":24},"end":{"line":45,"column":1}},"7":{"start":{"line":26,"column":16},"end":{"line":26,"column":34}},"8":{"start":{"line":27,"column":11},"end":{"line":27,"column":28}},"9":{"start":{"line":28,"column":2},"end":{"line":44,"column":4}},"10":{"start":{"line":31,"column":19},"end":{"line":31,"column":43}},"11":{"start":{"line":32,"column":8},"end":{"line":41,"column":10}},"12":{"start":{"line":37,"column":16},"end":{"line":37,"column":98}},"13":{"start":{"line":48,"column":4},"end":{"line":48,"column":41}},"14":{"start":{"line":51,"column":29},"end":{"line":51,"column":39}},"15":{"start":{"line":52,"column":4},"end":{"line":57,"column":6}}},"fnMap":{"0":{"name":"(anonymous_0)","decl":{"start":{"line":4,"column":26},"end":{"line":4,"column":27}},"loc":{"start":{"line":4,"column":44},"end":{"line":24,"column":1}},"line":4},"1":{"name":"(anonymous_1)","decl":{"start":{"line":11,"column":16},"end":{"line":11,"column":17}},"loc":{"start":{"line":11,"column":26},"end":{"line":21,"column":7}},"line":11},"2":{"name":"(anonymous_2)","decl":{"start":{"line":25,"column":24},"end":{"line":25,"column":25}},"loc":{"start":{"line":25,"column":30},"end":{"line":45,"column":1}},"line":25},"3":{"name":"(anonymous_3)","decl":{"start":{"line":30,"column":17},"end":{"line":30,"column":18}},"loc":{"start":{"line":30,"column":27},"end":{"line":42,"column":7}},"line":30},"4":{"name":"(anonymous_4)","decl":{"start":{"line":36,"column":24},"end":{"line":36,"column":25}},"loc":{"start":{"line":36,"column":34},"end":{"line":38,"column":15}},"line":36},"5":{"name":"(anonymous_5)","decl":{"start":{"line":47,"column":2},"end":{"line":47,"column":3}},"loc":{"start":{"line":47,"column":23},"end":{"line":49,"column":3}},"line":47},"6":{"name":"(anonymous_6)","decl":{"start":{"line":50,"column":2},"end":{"line":50,"column":3}},"loc":{"start":{"line":50,"column":11},"end":{"line":59,"column":3}},"line":50}},"branchMap":{"0":{"loc":{"start":{"line":15,"column":59},"end":{"line":15,"column":171}},"type":"cond-expr","locations":[{"start":{"line":15,"column":156},"end":{"line":15,"column":166}},{"start":{"line":15,"column":169},"end":{"line":15,"column":171}}],"line":15},"1":{"loc":{"start":{"line":31,"column":19},"end":{"line":31,"column":43}},"type":"cond-expr","locations":[{"start":{"line":31,"column":28},"end":{"line":31,"column":37}},{"start":{"line":31,"column":40},"end":{"line":31,"column":43}}],"line":31}},"s":{"0":1,"1":0,"2":0,"3":0,"4":0,"5":0,"6":1,"7":0,"8":0,"9":0,"10":0,"11":0,"12":0,"13":0,"14":0,"15":0},"f":{"0":0,"1":0,"2":0,"3":0,"4":0,"5":0,"6":0},"b":{"0":[0,0],"1":[0,0]},"_coverageSchema":"332fd63041d2c1bcb487cc26dd0d5f7d97098a6c","hash":"0aba34330488380332865815b45d96cda8675b98"}
,"/Users/karim/Documents/GitHub/react-calendar/src/components/Shared/Loader.Presentation.js": {"path":"/Users/karim/Documents/GitHub/react-calendar/src/components/Shared/Loader.Presentation.js","statementMap":{"0":{"start":{"line":2,"column":27},"end":{"line":12,"column":1}},"1":{"start":{"line":3,"column":4},"end":{"line":11,"column":16}}},"fnMap":{"0":{"name":"(anonymous_0)","decl":{"start":{"line":2,"column":27},"end":{"line":2,"column":28}},"loc":{"start":{"line":2,"column":33},"end":{"line":12,"column":1}},"line":2}},"branchMap":{},"s":{"0":1,"1":4},"f":{"0":4},"b":{},"_coverageSchema":"332fd63041d2c1bcb487cc26dd0d5f7d97098a6c","hash":"5d56d4f7e29db4aca7ee9f965654ff08df0dd7c2"}
,"/Users/karim/Documents/GitHub/react-calendar/src/components/Shared/errorBoundary/ErrorBoundary.Container.js": {"path":"/Users/karim/Documents/GitHub/react-calendar/src/components/Shared/errorBoundary/ErrorBoundary.Container.js","statementMap":{"0":{"start":{"line":6,"column":37},"end":{"line":10,"column":1}},"1":{"start":{"line":7,"column":4},"end":{"line":9,"column":6}},"2":{"start":{"line":12,"column":23},"end":{"line":14,"column":1}},"3":{"start":{"line":15,"column":31},"end":{"line":18,"column":28}}},"fnMap":{"0":{"name":"(anonymous_0)","decl":{"start":{"line":6,"column":37},"end":{"line":6,"column":38}},"loc":{"start":{"line":6,"column":46},"end":{"line":10,"column":1}},"line":6}},"branchMap":{},"s":{"0":1,"1":20,"2":1,"3":1},"f":{"0":20},"b":{},"_coverageSchema":"332fd63041d2c1bcb487cc26dd0d5f7d97098a6c","hash":"3c4c5e282d1e8b26969e0ff30d6af7f1c304f328"}
,"/Users/karim/Documents/GitHub/react-calendar/src/components/Shared/errorBoundary/ErrorBoundary.Presentation.js": {"path":"/Users/karim/Documents/GitHub/react-calendar/src/components/Shared/errorBoundary/ErrorBoundary.Presentation.js","statementMap":{"0":{"start":{"line":4,"column":8},"end":{"line":4,"column":21}},"1":{"start":{"line":5,"column":8},"end":{"line":5,"column":41}},"2":{"start":{"line":10,"column":8},"end":{"line":10,"column":34}},"3":{"start":{"line":18,"column":8},"end":{"line":18,"column":77}},"4":{"start":{"line":22,"column":8},"end":{"line":33,"column":9}},"5":{"start":{"line":24,"column":12},"end":{"line":32,"column":14}},"6":{"start":{"line":35,"column":8},"end":{"line":35,"column":35}}},"fnMap":{"0":{"name":"(anonymous_0)","decl":{"start":{"line":3,"column":4},"end":{"line":3,"column":5}},"loc":{"start":{"line":3,"column":23},"end":{"line":6,"column":5}},"line":3},"1":{"name":"(anonymous_1)","decl":{"start":{"line":8,"column":4},"end":{"line":8,"column":5}},"loc":{"start":{"line":8,"column":43},"end":{"line":13,"column":5}},"line":8},"2":{"name":"(anonymous_2)","decl":{"start":{"line":15,"column":4},"end":{"line":15,"column":5}},"loc":{"start":{"line":15,"column":35},"end":{"line":19,"column":5}},"line":15},"3":{"name":"(anonymous_3)","decl":{"start":{"line":21,"column":4},"end":{"line":21,"column":5}},"loc":{"start":{"line":21,"column":13},"end":{"line":36,"column":5}},"line":21}},"branchMap":{"0":{"loc":{"start":{"line":22,"column":8},"end":{"line":33,"column":9}},"type":"if","locations":[{"start":{"line":22,"column":8},"end":{"line":33,"column":9}},{"start":{"line":22,"column":8},"end":{"line":33,"column":9}}],"line":22}},"s":{"0":6,"1":6,"2":0,"3":0,"4":8,"5":0,"6":8},"f":{"0":6,"1":0,"2":0,"3":8},"b":{"0":[0,8]},"_coverageSchema":"332fd63041d2c1bcb487cc26dd0d5f7d97098a6c","hash":"9df3c5c4818397b1e013c7f18c4f9526e563a6da"}
,"/Users/karim/Documents/GitHub/react-calendar/src/components/Shared/errorBoundary/store/error.store.js": {"path":"/Users/karim/Documents/GitHub/react-calendar/src/components/Shared/errorBoundary/store/error.store.js","statementMap":{"0":{"start":{"line":1,"column":23},"end":{"line":3,"column":3}},"1":{"start":{"line":4,"column":40},"end":{"line":9,"column":3}},"2":{"start":{"line":5,"column":4},"end":{"line":8,"column":5}},"3":{"start":{"line":10,"column":22},"end":{"line":15,"column":3}},"4":{"start":{"line":16,"column":16},"end":{"line":25,"column":3}},"5":{"start":{"line":20,"column":8},"end":{"line":22,"column":41}}},"fnMap":{"0":{"name":"(anonymous_0)","decl":{"start":{"line":4,"column":40},"end":{"line":4,"column":41}},"loc":{"start":{"line":4,"column":52},"end":{"line":9,"column":3}},"line":4},"1":{"name":"(anonymous_1)","decl":{"start":{"line":19,"column":36},"end":{"line":19,"column":37}},"loc":{"start":{"line":19,"column":55},"end":{"line":23,"column":7}},"line":19}},"branchMap":{},"s":{"0":1,"1":1,"2":0,"3":1,"4":1,"5":0},"f":{"0":0,"1":0},"b":{},"_coverageSchema":"332fd63041d2c1bcb487cc26dd0d5f7d97098a6c","hash":"4fb2a2969dc36c8a3988f992970e13fe3bde547f"}
,"/Users/karim/Documents/GitHub/react-calendar/src/components/Shared/modal/modal.container.js": {"path":"/Users/karim/Documents/GitHub/react-calendar/src/components/Shared/modal/modal.container.js","statementMap":{"0":{"start":{"line":6,"column":32},"end":{"line":12,"column":1}},"1":{"start":{"line":7,"column":4},"end":{"line":11,"column":6}},"2":{"start":{"line":14,"column":35},"end":{"line":16,"column":2}},"3":{"start":{"line":14,"column":48},"end":{"line":16,"column":1}},"4":{"start":{"line":15,"column":31},"end":{"line":15,"column":64}},"5":{"start":{"line":18,"column":23},"end":{"line":21,"column":20}}},"fnMap":{"0":{"name":"(anonymous_0)","decl":{"start":{"line":6,"column":32},"end":{"line":6,"column":33}},"loc":{"start":{"line":6,"column":41},"end":{"line":12,"column":1}},"line":6},"1":{"name":"(anonymous_1)","decl":{"start":{"line":14,"column":35},"end":{"line":14,"column":36}},"loc":{"start":{"line":14,"column":48},"end":{"line":16,"column":1}},"line":14},"2":{"name":"(anonymous_2)","decl":{"start":{"line":15,"column":17},"end":{"line":15,"column":18}},"loc":{"start":{"line":15,"column":31},"end":{"line":15,"column":64}},"line":15}},"branchMap":{},"s":{"0":1,"1":7,"2":1,"3":2,"4":0,"5":1},"f":{"0":7,"1":2,"2":0},"b":{},"_coverageSchema":"332fd63041d2c1bcb487cc26dd0d5f7d97098a6c","hash":"c243d5148b300466ab699ea386302360cc6b3ead"}
,"/Users/karim/Documents/GitHub/react-calendar/src/components/Shared/modal/modal.presentation.js": {"path":"/Users/karim/Documents/GitHub/react-calendar/src/components/Shared/modal/modal.presentation.js","statementMap":{"0":{"start":{"line":4,"column":26},"end":{"line":45,"column":1}},"1":{"start":{"line":10,"column":4},"end":{"line":10,"column":32}},"2":{"start":{"line":11,"column":2},"end":{"line":44,"column":4}},"3":{"start":{"line":24,"column":31},"end":{"line":24,"column":49}}},"fnMap":{"0":{"name":"(anonymous_0)","decl":{"start":{"line":4,"column":26},"end":{"line":4,"column":27}},"loc":{"start":{"line":9,"column":6},"end":{"line":45,"column":1}},"line":9},"1":{"name":"(anonymous_1)","decl":{"start":{"line":24,"column":25},"end":{"line":24,"column":26}},"loc":{"start":{"line":24,"column":31},"end":{"line":24,"column":49}},"line":24}},"branchMap":{"0":{"loc":{"start":{"line":11,"column":9},"end":{"line":44,"column":3}},"type":"cond-expr","locations":[{"start":{"line":12,"column":4},"end":{"line":41,"column":10}},{"start":{"line":43,"column":4},"end":{"line":43,"column":6}}],"line":11}},"s":{"0":1,"1":3,"2":3,"3":0},"f":{"0":3,"1":0},"b":{"0":[0,3]},"_coverageSchema":"332fd63041d2c1bcb487cc26dd0d5f7d97098a6c","hash":"972c6af5655673d8d92bc99de960b9789e5f44e0"}
,"/Users/karim/Documents/GitHub/react-calendar/src/components/Shared/modal/store/modal.store.js": {"path":"/Users/karim/Documents/GitHub/react-calendar/src/components/Shared/modal/store/modal.store.js","statementMap":{"0":{"start":{"line":1,"column":22},"end":{"line":3,"column":1}},"1":{"start":{"line":4,"column":27},"end":{"line":11,"column":1}},"2":{"start":{"line":5,"column":2},"end":{"line":10,"column":4}},"3":{"start":{"line":12,"column":21},"end":{"line":19,"column":1}},"4":{"start":{"line":21,"column":14},"end":{"line":33,"column":1}},"5":{"start":{"line":25,"column":6},"end":{"line":30,"column":7}}},"fnMap":{"0":{"name":"(anonymous_0)","decl":{"start":{"line":4,"column":27},"end":{"line":4,"column":28}},"loc":{"start":{"line":4,"column":74},"end":{"line":11,"column":1}},"line":4},"1":{"name":"(anonymous_1)","decl":{"start":{"line":24,"column":34},"end":{"line":24,"column":35}},"loc":{"start":{"line":24,"column":53},"end":{"line":31,"column":5}},"line":24}},"branchMap":{},"s":{"0":1,"1":1,"2":0,"3":1,"4":1,"5":0},"f":{"0":0,"1":0},"b":{},"_coverageSchema":"332fd63041d2c1bcb487cc26dd0d5f7d97098a6c","hash":"fee0a67655b75bfbf91a1ed749460b42c0557d21"}
,"/Users/karim/Documents/GitHub/react-calendar/src/redux/reducers.js": {"path":"/Users/karim/Documents/GitHub/react-calendar/src/redux/reducers.js","statementMap":{"0":{"start":{"line":6,"column":2},"end":{"line":11,"column":3}},"1":{"start":{"line":7,"column":4},"end":{"line":9,"column":5}},"2":{"start":{"line":8,"column":6},"end":{"line":8,"column":49}},"3":{"start":{"line":10,"column":4},"end":{"line":10,"column":16}},"4":{"start":{"line":14,"column":2},"end":{"line":17,"column":5}}},"fnMap":{"0":{"name":"getReducer","decl":{"start":{"line":5,"column":9},"end":{"line":5,"column":19}},"loc":{"start":{"line":5,"column":44},"end":{"line":12,"column":1}},"line":5},"1":{"name":"reducer","decl":{"start":{"line":6,"column":18},"end":{"line":6,"column":25}},"loc":{"start":{"line":6,"column":56},"end":{"line":11,"column":3}},"line":6},"2":{"name":"createReducer","decl":{"start":{"line":13,"column":24},"end":{"line":13,"column":37}},"loc":{"start":{"line":13,"column":40},"end":{"line":18,"column":1}},"line":13}},"branchMap":{"0":{"loc":{"start":{"line":6,"column":26},"end":{"line":6,"column":46}},"type":"default-arg","locations":[{"start":{"line":6,"column":34},"end":{"line":6,"column":46}}],"line":6},"1":{"loc":{"start":{"line":7,"column":4},"end":{"line":9,"column":5}},"type":"if","locations":[{"start":{"line":7,"column":4},"end":{"line":9,"column":5}},{"start":{"line":7,"column":4},"end":{"line":9,"column":5}}],"line":7}},"s":{"0":2,"1":18,"2":6,"3":12,"4":1},"f":{"0":2,"1":18,"2":1},"b":{"0":[6],"1":[6,12]},"_coverageSchema":"332fd63041d2c1bcb487cc26dd0d5f7d97098a6c","hash":"43445e62c47b15e657e4bd76a85908e0a8835b6e"}
,"/Users/karim/Documents/GitHub/react-calendar/src/redux/store.js": {"path":"/Users/karim/Documents/GitHub/react-calendar/src/redux/store.js","statementMap":{"0":{"start":{"line":5,"column":4},"end":{"line":7,"column":11}},"1":{"start":{"line":8,"column":23},"end":{"line":14,"column":1}},"2":{"start":{"line":9,"column":4},"end":{"line":13,"column":6}}},"fnMap":{"0":{"name":"(anonymous_0)","decl":{"start":{"line":8,"column":23},"end":{"line":8,"column":24}},"loc":{"start":{"line":8,"column":46},"end":{"line":14,"column":1}},"line":8}},"branchMap":{"0":{"loc":{"start":{"line":5,"column":4},"end":{"line":7,"column":11}},"type":"binary-expr","locations":[{"start":{"line":5,"column":5},"end":{"line":5,"column":42}},{"start":{"line":6,"column":8},"end":{"line":6,"column":47}},{"start":{"line":7,"column":4},"end":{"line":7,"column":11}}],"line":5},"1":{"loc":{"start":{"line":8,"column":24},"end":{"line":8,"column":41}},"type":"default-arg","locations":[{"start":{"line":8,"column":39},"end":{"line":8,"column":41}}],"line":8}},"s":{"0":1,"1":1,"2":1},"f":{"0":1},"b":{"0":[1,1,1],"1":[1]},"_coverageSchema":"332fd63041d2c1bcb487cc26dd0d5f7d97098a6c","hash":"b1211ffb49510c8807bc4337bb1b69be2a0c9a27"}
}
