TN:
SF:/Users/karim/Documents/GitHub/react-calendar/src/App.js
FN:17,(anonymous_0)
FN:45,(anonymous_1)
FN:51,(anonymous_2)
FN:66,(anonymous_3)
FN:76,(anonymous_4)
FNF:5
FNH:3
FNDA:2,(anonymous_0)
FNDA:3,(anonymous_1)
FNDA:0,(anonymous_2)
FNDA:2,(anonymous_3)
FNDA:0,(anonymous_4)
DA:15,1
DA:18,2
DA:46,3
DA:52,0
DA:67,2
DA:77,0
LF:6
LH:4
BRDA:46,0,0,0
BRDA:46,0,1,3
BRF:2
BRH:1
end_of_record
TN:
SF:/Users/karim/Documents/GitHub/react-calendar/src/index.js
FNF:0
FNH:0
DA:1,0
DA:2,0
DA:3,0
DA:4,0
DA:5,0
DA:12,0
LF:6
LH:0
BRF:0
BRH:0
end_of_record
TN:
SF:/Users/karim/Documents/GitHub/react-calendar/src/components/Calendar/store.js
FN:12,(anonymous_0)
FN:12,(anonymous_1)
FN:19,(anonymous_2)
FN:25,(anonymous_3)
FN:31,(anonymous_4)
FN:38,(anonymous_5)
FN:44,(anonymous_6)
FN:49,(anonymous_7)
FN:54,(anonymous_8)
FN:60,(anonymous_9)
FN:76,(anonymous_10)
FN:76,(anonymous_11)
FN:78,(anonymous_12)
FN:79,(anonymous_13)
FN:84,(anonymous_14)
FN:91,(anonymous_15)
FN:99,(anonymous_16)
FN:105,(anonymous_17)
FN:111,(anonymous_18)
FN:117,(anonymous_19)
FN:132,(anonymous_20)
FN:138,(anonymous_21)
FN:148,(anonymous_22)
FN:154,(anonymous_23)
FN:161,(anonymous_24)
FN:168,(anonymous_25)
FNF:26
FNH:11
FNDA:0,(anonymous_0)
FNDA:0,(anonymous_1)
FNDA:0,(anonymous_2)
FNDA:0,(anonymous_3)
FNDA:0,(anonymous_4)
FNDA:2,(anonymous_5)
FNDA:0,(anonymous_6)
FNDA:2,(anonymous_7)
FNDA:2,(anonymous_8)
FNDA:0,(anonymous_9)
FNDA:2,(anonymous_10)
FNDA:2,(anonymous_11)
FNDA:2,(anonymous_12)
FNDA:2,(anonymous_13)
FNDA:2,(anonymous_14)
FNDA:0,(anonymous_15)
FNDA:0,(anonymous_16)
FNDA:0,(anonymous_17)
FNDA:0,(anonymous_18)
FNDA:0,(anonymous_19)
FNDA:2,(anonymous_20)
FNDA:0,(anonymous_21)
FNDA:0,(anonymous_22)
FNDA:2,(anonymous_23)
FNDA:2,(anonymous_24)
FNDA:0,(anonymous_25)
DA:1,1
DA:12,1
DA:13,0
DA:17,0
DA:19,1
DA:20,0
DA:25,1
DA:26,0
DA:31,1
DA:32,0
DA:38,1
DA:39,2
DA:44,1
DA:45,0
DA:49,1
DA:50,2
DA:54,1
DA:55,2
DA:60,1
DA:61,0
DA:66,1
DA:76,2
DA:77,2
DA:78,2
DA:79,2
DA:80,2
DA:84,2
DA:86,2
DA:92,0
DA:96,1
DA:100,0
DA:106,0
DA:112,0
DA:119,0
DA:120,0
DA:125,0
DA:126,0
DA:133,2
DA:139,0
DA:149,0
DA:155,2
DA:162,2
DA:169,0
LF:43
LH:25
BRDA:119,0,0,0
BRDA:119,0,1,0
BRDA:122,1,0,0
BRDA:122,1,1,0
BRF:4
BRH:0
end_of_record
TN:
SF:/Users/karim/Documents/GitHub/react-calendar/src/components/Calendar/container/Day.Calendar.Container.js
FN:7,(anonymous_0)
FNF:1
FNH:1
FNDA:6,(anonymous_0)
DA:7,1
DA:8,6
DA:16,1
DA:20,1
LF:4
LH:4
BRF:0
BRH:0
end_of_record
TN:
SF:/Users/karim/Documents/GitHub/react-calendar/src/components/Calendar/container/DayWeekHeader.Container.js
FN:6,(anonymous_0)
FNF:1
FNH:1
FNDA:7,(anonymous_0)
DA:6,1
DA:7,7
DA:13,1
DA:17,1
LF:4
LH:4
BRF:0
BRH:0
end_of_record
TN:
SF:/Users/karim/Documents/GitHub/react-calendar/src/components/Calendar/container/Month.Calendar.Container.js
FN:6,(anonymous_0)
FNF:1
FNH:1
FNDA:7,(anonymous_0)
DA:6,1
DA:7,7
DA:12,1
DA:17,1
LF:4
LH:4
BRF:0
BRH:0
end_of_record
TN:
SF:/Users/karim/Documents/GitHub/react-calendar/src/components/Calendar/container/MyCalendar.Container.js
FN:6,(anonymous_0)
FNF:1
FNH:1
FNDA:7,(anonymous_0)
DA:6,1
DA:7,7
DA:16,1
DA:20,1
LF:4
LH:4
BRF:0
BRH:0
end_of_record
TN:
SF:/Users/karim/Documents/GitHub/react-calendar/src/components/Calendar/container/Week.Calendar.Container.js
FN:5,(anonymous_0)
FNF:1
FNH:0
FNDA:0,(anonymous_0)
DA:5,1
DA:6,0
DA:12,1
DA:15,1
LF:4
LH:3
BRF:0
BRH:0
end_of_record
TN:
SF:/Users/karim/Documents/GitHub/react-calendar/src/components/Calendar/presentation/Day.Calendar.Presentation.js
FN:4,(anonymous_0)
FN:20,(anonymous_1)
FN:23,(anonymous_2)
FN:37,(anonymous_3)
FN:40,(anonymous_4)
FN:42,(anonymous_5)
FN:49,(anonymous_6)
FN:72,(anonymous_7)
FN:82,(anonymous_8)
FN:85,(anonymous_9)
FNF:10
FNH:9
FNDA:6,(anonymous_0)
FNDA:12,(anonymous_1)
FNDA:0,(anonymous_2)
FNDA:2,(anonymous_3)
FNDA:5,(anonymous_4)
FNDA:3,(anonymous_5)
FNDA:3,(anonymous_6)
FNDA:72,(anonymous_7)
FNDA:144,(anonymous_8)
FNDA:18,(anonymous_9)
DA:4,1
DA:5,6
DA:10,6
DA:11,6
DA:16,6
DA:21,12
DA:23,0
DA:38,2
DA:41,5
DA:42,5
DA:43,3
DA:44,3
DA:45,3
DA:49,5
DA:50,3
DA:51,3
DA:56,3
DA:70,3
DA:73,72
DA:74,72
DA:83,144
DA:86,18
DA:114,5
LF:23
LH:22
BRDA:21,0,0,12
BRDA:21,0,1,6
BRDA:44,1,0,3
BRDA:44,1,1,0
BRDA:73,2,0,30
BRDA:73,2,1,42
BRDA:79,3,0,72
BRDA:79,3,1,72
BRDA:79,3,2,3
BRDA:84,4,0,144
BRDA:84,4,1,6
BRDA:87,5,0,18
BRDA:87,5,1,6
BRDA:116,6,0,5
BRDA:116,6,1,2
BRDA:117,7,0,5
BRDA:117,7,1,3
BRF:17
BRH:16
end_of_record
TN:
SF:/Users/karim/Documents/GitHub/react-calendar/src/components/Calendar/presentation/DayWeekHeader.Presentation.js
FN:5,(anonymous_0)
FN:10,(anonymous_1)
FN:26,(anonymous_2)
FN:32,(anonymous_3)
FNF:4
FNH:2
FNDA:3,(anonymous_0)
FNDA:3,(anonymous_1)
FNDA:0,(anonymous_2)
FNDA:0,(anonymous_3)
DA:5,1
DA:10,3
DA:11,3
DA:12,3
DA:14,0
DA:19,3
DA:26,0
DA:32,0
LF:8
LH:5
BRDA:11,0,0,3
BRDA:11,0,1,0
BRDA:44,1,0,3
BRDA:44,1,1,0
BRDA:53,2,0,0
BRDA:53,2,1,3
BRF:6
BRH:3
end_of_record
TN:
SF:/Users/karim/Documents/GitHub/react-calendar/src/components/Calendar/presentation/Month.Calendar.Presentation.js
FN:4,(anonymous_0)
FN:30,(anonymous_1)
FN:38,(anonymous_2)
FN:51,(anonymous_3)
FN:68,(anonymous_4)
FN:82,(anonymous_5)
FN:98,(anonymous_6)
FN:102,(anonymous_7)
FN:106,(anonymous_8)
FN:110,(anonymous_9)
FNF:10
FNH:6
FNDA:3,(anonymous_0)
FNDA:3,(anonymous_1)
FNDA:21,(anonymous_2)
FNDA:3,(anonymous_3)
FNDA:105,(anonymous_4)
FNDA:0,(anonymous_5)
FNDA:0,(anonymous_6)
FNDA:0,(anonymous_7)
FNDA:0,(anonymous_8)
FNDA:3,(anonymous_9)
DA:5,3
DA:7,3
DA:31,3
DA:32,3
DA:34,3
DA:36,3
DA:39,21
DA:52,3
DA:53,3
DA:54,3
DA:55,3
DA:57,3
DA:58,3
DA:61,3
DA:62,3
DA:63,3
DA:65,3
DA:66,15
DA:69,105
DA:70,105
DA:71,105
DA:72,105
DA:82,0
DA:92,15
DA:93,15
DA:95,3
DA:99,0
DA:103,0
DA:107,0
DA:111,3
DA:112,3
LF:31
LH:27
BRDA:75,0,0,21
BRDA:75,0,1,84
BRDA:77,1,0,3
BRDA:77,1,1,81
BRF:4
BRH:4
end_of_record
TN:
SF:/Users/karim/Documents/GitHub/react-calendar/src/components/Calendar/presentation/MyCalendar.Presentation.js
FN:4,(anonymous_0)
FN:7,(anonymous_1)
FN:21,(anonymous_2)
FNF:3
FNH:3
FNDA:2,(anonymous_0)
FNDA:6,(anonymous_1)
FNDA:9,(anonymous_2)
DA:5,2
DA:8,6
DA:9,6
DA:10,6
DA:23,9
LF:5
LH:5
BRDA:19,0,0,6
BRDA:19,0,1,2
BRDA:20,1,0,6
BRDA:20,1,1,4
BRDA:20,1,2,4
BRF:5
BRH:5
end_of_record
TN:
SF:/Users/karim/Documents/GitHub/react-calendar/src/components/Calendar/presentation/Week.Calendar.Presentation.js
FN:4,(anonymous_0)
FN:11,(anonymous_1)
FN:25,(anonymous_2)
FN:30,(anonymous_3)
FN:36,(anonymous_4)
FN:47,(anonymous_5)
FN:50,(anonymous_6)
FNF:7
FNH:0
FNDA:0,(anonymous_0)
FNDA:0,(anonymous_1)
FNDA:0,(anonymous_2)
FNDA:0,(anonymous_3)
FNDA:0,(anonymous_4)
FNDA:0,(anonymous_5)
FNDA:0,(anonymous_6)
DA:4,1
DA:5,0
DA:6,0
DA:7,0
DA:9,0
DA:12,0
DA:25,1
DA:26,0
DA:27,0
DA:28,0
DA:31,0
DA:32,0
DA:37,0
DA:48,0
DA:51,0
DA:52,0
LF:16
LH:2
BRDA:15,0,0,0
BRDA:15,0,1,0
BRDA:31,1,0,0
BRDA:31,1,1,0
BRF:4
BRH:0
end_of_record
TN:
SF:/Users/karim/Documents/GitHub/react-calendar/src/components/Shared/Loader.Presentation.js
FN:2,(anonymous_0)
FNF:1
FNH:1
FNDA:4,(anonymous_0)
DA:2,1
DA:3,4
LF:2
LH:2
BRF:0
BRH:0
end_of_record
TN:
SF:/Users/karim/Documents/GitHub/react-calendar/src/components/Shared/errorBoundary/ErrorBoundary.Container.js
FN:6,(anonymous_0)
FNF:1
FNH:1
FNDA:20,(anonymous_0)
DA:6,1
DA:7,20
DA:12,1
DA:15,1
LF:4
LH:4
BRF:0
BRH:0
end_of_record
TN:
SF:/Users/karim/Documents/GitHub/react-calendar/src/components/Shared/errorBoundary/ErrorBoundary.Presentation.js
FN:3,(anonymous_0)
FN:8,(anonymous_1)
FN:15,(anonymous_2)
FN:21,(anonymous_3)
FNF:4
FNH:2
FNDA:6,(anonymous_0)
FNDA:0,(anonymous_1)
FNDA:0,(anonymous_2)
FNDA:8,(anonymous_3)
DA:4,6
DA:5,6
DA:10,0
DA:18,0
DA:22,8
DA:24,0
DA:35,8
LF:7
LH:4
BRDA:22,0,0,0
BRDA:22,0,1,8
BRF:2
BRH:1
end_of_record
TN:
SF:/Users/karim/Documents/GitHub/react-calendar/src/components/Shared/errorBoundary/store/error.store.js
FN:4,(anonymous_0)
FN:19,(anonymous_1)
FNF:2
FNH:0
FNDA:0,(anonymous_0)
FNDA:0,(anonymous_1)
DA:1,1
DA:4,1
DA:5,0
DA:10,1
DA:16,1
DA:20,0
LF:6
LH:4
BRF:0
BRH:0
end_of_record
TN:
SF:/Users/karim/Documents/GitHub/react-calendar/src/components/Shared/modal/modal.container.js
FN:6,(anonymous_0)
FN:14,(anonymous_1)
FN:15,(anonymous_2)
FNF:3
FNH:2
FNDA:7,(anonymous_0)
FNDA:2,(anonymous_1)
FNDA:0,(anonymous_2)
DA:6,1
DA:7,7
DA:14,2
DA:15,0
DA:18,1
LF:5
LH:4
BRF:0
BRH:0
end_of_record
TN:
SF:/Users/karim/Documents/GitHub/react-calendar/src/components/Shared/modal/modal.presentation.js
FN:4,(anonymous_0)
FN:24,(anonymous_1)
FNF:2
FNH:1
FNDA:3,(anonymous_0)
FNDA:0,(anonymous_1)
DA:4,1
DA:10,3
DA:11,3
DA:24,0
LF:4
LH:3
BRDA:11,0,0,0
BRDA:11,0,1,3
BRF:2
BRH:1
end_of_record
TN:
SF:/Users/karim/Documents/GitHub/react-calendar/src/components/Shared/modal/store/modal.store.js
FN:4,(anonymous_0)
FN:24,(anonymous_1)
FNF:2
FNH:0
FNDA:0,(anonymous_0)
FNDA:0,(anonymous_1)
DA:1,1
DA:4,1
DA:5,0
DA:12,1
DA:21,1
DA:25,0
LF:6
LH:4
BRF:0
BRH:0
end_of_record
TN:
SF:/Users/karim/Documents/GitHub/react-calendar/src/redux/reducers.js
FN:5,getReducer
FN:6,reducer
FN:13,createReducer
FNF:3
FNH:3
FNDA:2,getReducer
FNDA:18,reducer
FNDA:1,createReducer
DA:6,2
DA:7,18
DA:8,6
DA:10,12
DA:14,1
LF:5
LH:5
BRDA:6,0,0,6
BRDA:7,1,0,6
BRDA:7,1,1,12
BRF:3
BRH:3
end_of_record
TN:
SF:/Users/karim/Documents/GitHub/react-calendar/src/redux/store.js
FN:8,(anonymous_0)
FNF:1
FNH:1
FNDA:1,(anonymous_0)
DA:5,1
DA:8,1
DA:9,1
LF:3
LH:3
BRDA:5,0,0,1
BRDA:5,0,1,1
BRDA:5,0,2,1
BRDA:8,1,0,1
BRF:4
BRH:4
end_of_record
